#
# There is insufficient memory for the Java Runtime Environment to continue.
# Native memory allocation (mmap) failed to map 536870912 bytes for G1 virtual space
# Possible reasons:
#   The system is out of physical RAM or swap space
#   The process is running with CompressedOops enabled, and the Java Heap may be blocking the growth of the native heap
# Possible solutions:
#   Reduce memory load on the system
#   Increase physical memory or swap space
#   Check if swap backing store is full
#   Decrease Java heap size (-Xmx/-Xms)
#   Decrease number of Java threads
#   Decrease Java thread stack sizes (-Xss)
#   Set larger code cache with -XX:ReservedCodeCacheSize=
#   JVM is running with Zero Based Compressed Oops mode in which the Java heap is
#     placed in the first 32GB address space. The Java Heap base address is the
#     maximum limit for the native heap growth. Please use -XX:HeapBaseMinAddress
#     to set the Java Heap base and to place the Java Heap above 32GB virtual address.
# This output file may be truncated or incomplete.
#
#  Out of Memory Error (os_windows.cpp:3469), pid=29800, tid=21700
#
# JRE version:  (17.0.1+12) (build )
# Java VM: Java HotSpot(TM) 64-Bit Server VM (17.0.1+12-LTS-39, mixed mode, sharing, tiered, compressed oops, compressed class ptrs, g1 gc, windows-amd64)
# No core dump will be written. Minidumps are not enabled by default on client versions of Windows
#

---------------  S U M M A R Y ------------

Command Line: -Dfile.encoding=UTF-8 -XX:+ShowCodeDetailsInExceptionMessages grafica.GUI

Host: Intel(R) Core(TM) i5-9600K CPU @ 3.70GHz, 6 cores, 31G,  Windows 10 , 64 bit Build 19041 (10.0.19041.2913)
Time: Tue May 23 23:33:20 2023 ora legale Europa occidentale elapsed time: 0.008099 seconds (0d 0h 0m 0s)

---------------  T H R E A D  ---------------

Current thread (0x00000226170ac7a0):  JavaThread "Unknown thread" [_thread_in_vm, id=21700, stack(0x000000c39c400000,0x000000c39c500000)]

Stack: [0x000000c39c400000,0x000000c39c500000]
Native frames: (J=compiled Java code, j=interpreted, Vv=VM code, C=native code)
V  [jvm.dll+0x66fa1a]
V  [jvm.dll+0x7ce5a4]
V  [jvm.dll+0x7cfd4e]
V  [jvm.dll+0x7d03b3]
V  [jvm.dll+0x242b05]
V  [jvm.dll+0x66ca39]
V  [jvm.dll+0x661502]
V  [jvm.dll+0x30081b]
V  [jvm.dll+0x307da6]
V  [jvm.dll+0x357a1e]
V  [jvm.dll+0x357c4f]
V  [jvm.dll+0x2d7ad8]
V  [jvm.dll+0x2d8a44]
V  [jvm.dll+0x7a01e1]
V  [jvm.dll+0x365791]
V  [jvm.dll+0x77f6cc]
V  [jvm.dll+0x3e812f]
V  [jvm.dll+0x3e9bd1]
C  [jli.dll+0x527b]
C  [ucrtbase.dll+0x21bb2]
C  [KERNEL32.DLL+0x17614]
C  [ntdll.dll+0x526a1]


---------------  P R O C E S S  ---------------

Threads class SMR info:
_java_thread_list=0x00007ffdada87818, length=0, elements={
}

Java Threads: ( => current thread )

Other Threads:
  0x0000022617121630 GCTaskThread "GC Thread#0" [stack: 0x000000c39c500000,0x000000c39c600000] [id=30500]
  0x0000022617133420 ConcurrentGCThread "G1 Main Marker" [stack: 0x000000c39c600000,0x000000c39c700000] [id=29164]
  0x00000226171344e0 ConcurrentGCThread "G1 Conc#0" [stack: 0x000000c39c700000,0x000000c39c800000] [id=4144]

[error occurred during error reporting (printing all threads), id 0xc0000005, EXCEPTION_ACCESS_VIOLATION (0xc0000005) at pc=0x00007ffdad2d84b7]

VM state: not at safepoint (not fully initialized)

VM Mutex/Monitor currently owned by a thread:  ([mutex/lock_event])
[0x00000226170a7780] Heap_lock - owner thread: 0x00000226170ac7a0

Heap address: 0x0000000600c00000, size: 8180 MB, Compressed Oops mode: Zero based, Oop shift amount: 3

CDS archive(s) mapped at: [0x0000000000000000-0x0000000000000000-0x0000000000000000), size 0, SharedBaseAddress: 0x0000000800000000, ArchiveRelocationMode: 0.
Narrow klass base: 0x0000000000000000, Narrow klass shift: 0, Narrow klass range: 0x0

GC Precious Log:
<Empty>

Heap:
 garbage-first heap   total 0K, used 0K [0x0000000600c00000, 0x0000000800000000)
  region size 4096K, 0 young (0K), 0 survivors (0K)

[error occurred during error reporting (printing heap information), id 0xc0000005, EXCEPTION_ACCESS_VIOLATION (0xc0000005) at pc=0x00007ffdad6b8d89]

GC Heap History (0 events):
No events

Deoptimization events (0 events):
No events

Classes unloaded (0 events):
No events

Classes redefined (0 events):
No events

Internal exceptions (0 events):
No events

VM Operations (0 events):
No events

Events (1 events):
Event: 0.005 Loaded shared library C:\Program Files\Java\jdk-17.0.1\bin\java.dll


Dynamic libraries:
0x00007ff69cfc0000 - 0x00007ff69cfd0000 	C:\Program Files\Java\jdk-17.0.1\bin\javaw.exe
0x00007ffdf15b0000 - 0x00007ffdf17a8000 	C:\WINDOWS\SYSTEM32\ntdll.dll
0x00007ffdf1360000 - 0x00007ffdf141f000 	C:\WINDOWS\System32\KERNEL32.DLL
0x00007ffdeed00000 - 0x00007ffdeeff6000 	C:\WINDOWS\System32\KERNELBASE.dll
0x00007ffdef180000 - 0x00007ffdef280000 	C:\WINDOWS\System32\ucrtbase.dll
0x00007ffdea6c0000 - 0x00007ffdea6da000 	C:\Program Files\Java\jdk-17.0.1\bin\VCRUNTIME140.dll
0x00007ffdda010000 - 0x00007ffdda028000 	C:\Program Files\Java\jdk-17.0.1\bin\jli.dll
0x00007ffdf0c20000 - 0x00007ffdf0ccf000 	C:\WINDOWS\System32\ADVAPI32.dll
0x00007ffdf14d0000 - 0x00007ffdf156e000 	C:\WINDOWS\System32\msvcrt.dll
0x00007ffdef770000 - 0x00007ffdef80c000 	C:\WINDOWS\System32\sechost.dll
0x00007ffdf1230000 - 0x00007ffdf1356000 	C:\WINDOWS\System32\RPCRT4.dll
0x00007ffdf0e30000 - 0x00007ffdf0fcd000 	C:\WINDOWS\System32\USER32.dll
0x00007ffdef120000 - 0x00007ffdef142000 	C:\WINDOWS\System32\win32u.dll
0x00007ffdf10a0000 - 0x00007ffdf10cc000 	C:\WINDOWS\System32\GDI32.dll
0x00007ffddc480000 - 0x00007ffddc71a000 	C:\WINDOWS\WinSxS\amd64_microsoft.windows.common-controls_6595b64144ccf1df_6.0.19041.1110_none_60b5254171f9507e\COMCTL32.dll
0x00007ffdef000000 - 0x00007ffdef115000 	C:\WINDOWS\System32\gdi32full.dll
0x00007ffdef410000 - 0x00007ffdef4ad000 	C:\WINDOWS\System32\msvcp_win.dll
0x00007ffde9150000 - 0x00007ffde915a000 	C:\WINDOWS\SYSTEM32\VERSION.dll
0x00007ffdef740000 - 0x00007ffdef770000 	C:\WINDOWS\System32\IMM32.DLL
0x00007ffdec410000 - 0x00007ffdec41c000 	C:\Program Files\Java\jdk-17.0.1\bin\vcruntime140_1.dll
0x00007ffdd1070000 - 0x00007ffdd10fd000 	C:\Program Files\Java\jdk-17.0.1\bin\msvcp140.dll
0x00007ffdacff0000 - 0x00007ffdadbae000 	C:\Program Files\Java\jdk-17.0.1\bin\server\jvm.dll
0x00007ffdf0d40000 - 0x00007ffdf0d48000 	C:\WINDOWS\System32\PSAPI.DLL
0x00007ffde70b0000 - 0x00007ffde70d7000 	C:\WINDOWS\SYSTEM32\WINMM.dll
0x00007ffdcd640000 - 0x00007ffdcd649000 	C:\WINDOWS\SYSTEM32\WSOCK32.dll
0x00007ffdf0cd0000 - 0x00007ffdf0d3b000 	C:\WINDOWS\System32\WS2_32.dll
0x00007ffdecb70000 - 0x00007ffdecb82000 	C:\WINDOWS\SYSTEM32\kernel.appcore.dll
0x00007ffdea800000 - 0x00007ffdea80a000 	C:\Program Files\Java\jdk-17.0.1\bin\jimage.dll
0x00007ffde4850000 - 0x00007ffde4a34000 	C:\WINDOWS\SYSTEM32\DBGHELP.DLL
0x00007ffdd8850000 - 0x00007ffdd8884000 	C:\WINDOWS\SYSTEM32\dbgcore.DLL
0x00007ffdef380000 - 0x00007ffdef402000 	C:\WINDOWS\System32\bcryptPrimitives.dll
0x00007ffdd8030000 - 0x00007ffdd8055000 	C:\Program Files\Java\jdk-17.0.1\bin\java.dll

dbghelp: loaded successfully - version: 4.0.5 - missing functions: none
symbol engine: initialized successfully - sym options: 0x614 - pdb path: .;C:\Program Files\Java\jdk-17.0.1\bin;C:\WINDOWS\SYSTEM32;C:\WINDOWS\WinSxS\amd64_microsoft.windows.common-controls_6595b64144ccf1df_6.0.19041.1110_none_60b5254171f9507e;C:\Program Files\Java\jdk-17.0.1\bin\server

VM Arguments:
jvm_args: -Dfile.encoding=UTF-8 -XX:+ShowCodeDetailsInExceptionMessages 
java_command: grafica.GUI
java_class_path (initial): D:\università\giusto\Group_03\bin
Launcher Type: SUN_STANDARD

[Global flags]
     intx CICompilerCount                          = 3                                         {product} {ergonomic}
     uint ConcGCThreads                            = 2                                         {product} {ergonomic}
     uint G1ConcRefinementThreads                  = 6                                         {product} {ergonomic}
   size_t G1HeapRegionSize                         = 4194304                                   {product} {ergonomic}
    uintx GCDrainStackTargetSize                   = 64                                        {product} {ergonomic}
   size_t InitialHeapSize                          = 536870912                                 {product} {ergonomic}
   size_t MarkStackSize                            = 4194304                                   {product} {ergonomic}
   size_t MaxHeapSize                              = 8577351680                                {product} {ergonomic}
   size_t MinHeapDeltaBytes                        = 4194304                                   {product} {ergonomic}
   size_t MinHeapSize                              = 8388608                                   {product} {ergonomic}
    uintx NonNMethodCodeHeapSize                   = 5832780                                {pd product} {ergonomic}
    uintx NonProfiledCodeHeapSize                  = 122912730                              {pd product} {ergonomic}
    uintx ProfiledCodeHeapSize                     = 122912730                              {pd product} {ergonomic}
    uintx ReservedCodeCacheSize                    = 251658240                              {pd product} {ergonomic}
     bool SegmentedCodeCache                       = true                                      {product} {ergonomic}
     bool ShowCodeDetailsInExceptionMessages       = true                                   {manageable} {command line}
   size_t SoftMaxHeapSize                          = 8577351680                             {manageable} {ergonomic}
     bool UseCompressedClassPointers               = true                           {product lp64_product} {ergonomic}
     bool UseCompressedOops                        = true                           {product lp64_product} {ergonomic}
     bool UseG1GC                                  = true                                      {product} {ergonomic}
     bool UseLargePagesIndividualAllocation        = false                                  {pd product} {ergonomic}

Logging:
Log output configuration:
 #0: stdout all=warning uptime,level,tags
 #1: stderr all=off uptime,level,tags

Environment Variables:
PATH=C:\Program Files\Common Files\Oracle\Java\javapath;C:\WINDOWS\system32;C:\WINDOWS;C:\WINDOWS\System32\Wbem;C:\WINDOWS\System32\WindowsPowerShell\v1.0\;C:\WINDOWS\System32\OpenSSH\;C:\Program Files\dotnet\;C:\Program Files\NVIDIA Corporation\NVIDIA NvDLISR;C:\Program Files (x86)\NVIDIA Corporation\PhysX\Common;C:\WINDOWS\system32;C:\WINDOWS;C:\WINDOWS\System32\Wbem;C:\WINDOWS\System32\WindowsPowerShell\v1.0\;C:\WINDOWS\System32\OpenSSH\;d:\giochi\iracing\iracing\d3dgear;C:\ProgramData\chocolatey\bin;C:\Users\dani2\AppData\Local\Programs\Python\Python310\Scripts\;C:\Users\dani2\AppData\Local\Programs\Python\Python310\;C:\Users\dani2\AppData\Local\Microsoft\WindowsApps;D:\Programmi\VS Code\Microsoft VS Code\bin;C:\Users\dani2\.dotnet\tools;C:\Users\dani2\AppData\Local\GitHubDesktop\bin
USERNAME=dani2
OS=Windows_NT
PROCESSOR_IDENTIFIER=Intel64 Family 6 Model 158 Stepping 12, GenuineIntel



---------------  S Y S T E M  ---------------

OS:
 Windows 10 , 64 bit Build 19041 (10.0.19041.2913)
OS uptime: 0 days 7:01 hours

CPU: total 6 (initial active 6) (6 cores per cpu, 1 threads per core) family 6 model 158 stepping 12 microcode 0xae, cx8, cmov, fxsr, mmx, 3dnowpref, sse, sse2, sse3, ssse3, sse4.1, sse4.2, popcnt, lzcnt, tsc, tscinvbit, avx, avx2, aes, erms, clmul, bmi1, bmi2, rtm, adx, fma, vzeroupper, clflush, clflushopt

Memory: 4k page, system-wide physical 32706M (18183M free)
TotalPageFile size 63095M (AvailPageFile size 101M)
current process WorkingSet (physical memory assigned to process): 10M, peak: 10M
current process commit charge ("private bytes"): 56M, peak: 568M

vm_info: Java HotSpot(TM) 64-Bit Server VM (17.0.1+12-LTS-39) for windows-amd64 JRE (17.0.1+12-LTS-39), built on Sep 27 2021 18:41:35 by "mach5one" with MS VC++ 16.8 (VS2019)

END.
